# JRE version: Java(TM) SE Runtime Environment (8.0_45-b14) (build 1.8.0_45-b14)
# Java VM: Java HotSpot(TM) Client VM (25.45-b02 mixed mode windows-x86 )
Heap:
 def new generation   total 4992K, used 80K [0x04e00000, 0x05360000, 0x0a350000)
  eden space 4480K,   1% used [0x04e00000, 0x04e14168, 0x05260000)
  from space 512K,   0% used [0x05260000, 0x05260000, 0x052e0000)
  to   space 512K,   0% used [0x052e0000, 0x052e0000, 0x05360000)
 tenured generation   total 10944K, used 2905K [0x0a350000, 0x0ae00000, 0x14e00000)
   the space 10944K,  26% used [0x0a350000, 0x0a626798, 0x0a626800, 0x0ae00000)
 Metaspace       used 9041K, capacity 9101K, committed 9216K, reserved 9600K
GC Heap History (10 events):
Event: 13.674 GC heap before
{Heap before GC invocations=0 (full 0):
 def new generation   total 4928K, used 4416K [0x04e00000, 0x05350000, 0x0a350000)
  eden space 4416K, 100% used [0x04e00000, 0x05250000, 0x05250000)
  from space 512K,   0% used [0x05250000, 0x05250000, 0x052d0000)
  to   space 512K,   0% used [0x052d0000, 0x052d0000, 0x05350000)
 tenured generation   total 10944K, used 0K [0x0a350000, 0x0ae00000, 0x14e00000)
   the space 10944K,   0% used [0x0a350000, 0x0a350000, 0x0a350200, 0x0ae00000)
 Metaspace       used 3666K, capacity 3684K, committed 3776K, reserved 4480K
Event: 13.678 GC heap after
Heap after GC invocations=1 (full 0):
 def new generation   total 4928K, used 512K [0x04e00000, 0x05350000, 0x0a350000)
  eden space 4416K,   0% used [0x04e00000, 0x04e00000, 0x05250000)
  from space 512K, 100% used [0x052d0000, 0x05350000, 0x05350000)
  to   space 512K,   0% used [0x05250000, 0x05250000, 0x052d0000)
 tenured generation   total 10944K, used 459K [0x0a350000, 0x0ae00000, 0x14e00000)
   the space 10944K,   4% used [0x0a350000, 0x0a3c2c40, 0x0a3c2e00, 0x0ae00000)
 Metaspace       used 3666K, capacity 3684K, committed 3776K, reserved 4480K
}
Event: 14.645 GC heap before
{Heap before GC invocations=1 (full 0):
 def new generation   total 4928K, used 4916K [0x04e00000, 0x05350000, 0x0a350000)
  eden space 4416K,  99% used [0x04e00000, 0x0524d098, 0x05250000)
  from space 512K, 100% used [0x052d0000, 0x05350000, 0x05350000)
  to   space 512K,   0% used [0x05250000, 0x05250000, 0x052d0000)
 tenured generation   total 10944K, used 459K [0x0a350000, 0x0ae00000, 0x14e00000)
   the space 10944K,   4% used [0x0a350000, 0x0a3c2c40, 0x0a3c2e00, 0x0ae00000)
 Metaspace       used 4138K, capacity 4164K, committed 4288K, reserved 4480K
Event: 14.649 GC heap after
Heap after GC invocations=2 (full 0):
 def new generation   total 4928K, used 512K [0x04e00000, 0x05350000, 0x0a350000)
  eden space 4416K,   0% used [0x04e00000, 0x04e00000, 0x05250000)
  from space 512K, 100% used [0x05250000, 0x052d0000, 0x052d0000)
  to   space 512K,   0% used [0x052d0000, 0x052d0000, 0x05350000)
 tenured generation   total 10944K, used 3118K [0x0a350000, 0x0ae00000, 0x14e00000)
   the space 10944K,  28% used [0x0a350000, 0x0a65b880, 0x0a65ba00, 0x0ae00000)
 Metaspace       used 4138K, capacity 4164K, committed 4288K, reserved 4480K
}
Event: 14.946 GC heap before
{Heap before GC invocations=2 (full 0):
 def new generation   total 4928K, used 4925K [0x04e00000, 0x05350000, 0x0a350000)
  eden space 4416K,  99% used [0x04e00000, 0x0524f770, 0x05250000)
  from space 512K, 100% used [0x05250000, 0x052d0000, 0x052d0000)
  to   space 512K,   0% used [0x052d0000, 0x052d0000, 0x05350000)
 tenured generation   total 10944K, used 3118K [0x0a350000, 0x0ae00000, 0x14e00000)
   the space 10944K,  28% used [0x0a350000, 0x0a65b880, 0x0a65ba00, 0x0ae00000)
 Metaspace       used 7461K, capacity 7501K, committed 7552K, reserved 7552K
Event: 14.948 GC heap after
Heap after GC invocations=3 (full 0):
 def new generation   total 4928K, used 512K [0x04e00000, 0x05350000, 0x0a350000)
  eden space 4416K,   0% used [0x04e00000, 0x04e00000, 0x05250000)
  from space 512K, 100% used [0x052d0000, 0x05350000, 0x05350000)
  to   space 512K,   0% used [0x05250000, 0x05250000, 0x052d0000)
 tenured generation   total 10944K, used 5102K [0x0a350000, 0x0ae00000, 0x14e00000)
   the space 10944K,  46% used [0x0a350000, 0x0a84bb70, 0x0a84bc00, 0x0ae00000)
 Metaspace       used 7461K, capacity 7501K, committed 7552K, reserved 7552K
}
Event: 20.907 GC heap before
{Heap before GC invocations=3 (full 0):
 def new generation   total 4928K, used 4752K [0x04e00000, 0x05350000, 0x0a350000)
  eden space 4416K,  96% used [0x04e00000, 0x05224220, 0x05250000)
  from space 512K, 100% used [0x052d0000, 0x05350000, 0x05350000)
  to   space 512K,   0% used [0x05250000, 0x05250000, 0x052d0000)
 tenured generation   total 10944K, used 5102K [0x0a350000, 0x0ae00000, 0x14e00000)
   the space 10944K,  46% used [0x0a350000, 0x0a84bb70, 0x0a84bc00, 0x0ae00000)
 Metaspace       used 9012K, capacity 9069K, committed 9088K, reserved 9600K
Event: 20.914 GC heap after
Heap after GC invocations=4 (full 0):
 def new generation   total 4928K, used 512K [0x04e00000, 0x05350000, 0x0a350000)
  eden space 4416K,   0% used [0x04e00000, 0x04e00000, 0x05250000)
  from space 512K, 100% used [0x05250000, 0x052d0000, 0x052d0000)
  to   space 512K,   0% used [0x052d0000, 0x052d0000, 0x05350000)
 tenured generation   total 10944K, used 8256K [0x0a350000, 0x0ae00000, 0x14e00000)
   the space 10944K,  75% used [0x0a350000, 0x0ab60208, 0x0ab60400, 0x0ae00000)
 Metaspace       used 9012K, capacity 9069K, committed 9088K, reserved 9600K
}
Event: 20.979 GC heap before
{Heap before GC invocations=4 (full 0):
 def new generation   total 4928K, used 3916K [0x04e00000, 0x05350000, 0x0a350000)
  eden space 4416K,  77% used [0x04e00000, 0x05153190, 0x05250000)
  from space 512K, 100% used [0x05250000, 0x052d0000, 0x052d0000)
  to   space 512K,   0% used [0x052d0000, 0x052d0000, 0x05350000)
 tenured generation   total 10944K, used 8256K [0x0a350000, 0x0ae00000, 0x14e00000)
   the space 10944K,  75% used [0x0a350000, 0x0ab60208, 0x0ab60400, 0x0ae00000)
 Metaspace       used 9039K, capacity 9101K, committed 9216K, reserved 9600K
Event: 20.996 GC heap after
Heap after GC invocations=5 (full 1):
 def new generation   total 4992K, used 0K [0x04e00000, 0x05360000, 0x0a350000)
  eden space 4480K,   0% used [0x04e00000, 0x04e00000, 0x05260000)
  from space 512K,   0% used [0x05260000, 0x05260000, 0x052e0000)
  to   space 512K,   0% used [0x052e0000, 0x052e0000, 0x05360000)
 tenured generation   total 10944K, used 2905K [0x0a350000, 0x0ae00000, 0x14e00000)
   the space 10944K,  26% used [0x0a350000, 0x0a626798, 0x0a626800, 0x0ae00000)
 Metaspace       used 9039K, capacity 9101K, committed 9216K, reserved 9600K
}

